El pokemon Ivysaur ha sido capturado
Tus MASTERBALL restantes son: 4El pokemon CATERPIE ha sido capturado
Tus MASTERBALL restantes son: 3El pokemon Magnemite ha sido capturado
Tus MASTERBALL restantes son: 2El pokemon Bulbasaur ha sido capturado
Tus MASTERBALL restantes son: 1El pokemon Squirtle ha sido capturado
Tus MASTERBALL restantes son: 0Carrero Blanco ha usado VUELO
Carrero Blanco está descansando
DRAGONITE está descansando
DRAGONITE ha usado PLACAJE
Carrero Blanco ha usado VUELO
Es poco eficaz
DRAGONITE ha usado PLACAJE
Carrero Blanco ha usado VUELO
Squirtle está descansando
Squirtle ha usado PLACAJE
Carrero Blanco ha usado VUELO
Carrero Blanco está descansando
Bulbasaur está descansando
Bulbasaur ha usado PLACAJE
Carrero Blanco ha usado VUELO
Es poco eficaz
Bulbasaur ha usado PLACAJE
Carrero Blanco ha usado VUELO
Es super eficaz
CATERPIE está descansando
CATERPIE ha usado PLACAJE
Carrero Blanco ha usado VUELO
Carrero Blanco está descansando
Ivysaur está descansando
Ivysaur ha usado PLACAJE
Carrero Blanco ha usado VUELO
Es poco eficaz
Ivysaur ha usado PLACAJE
Carrero Blanco ha usado VUELO
Es poco eficaz
Magnemite está descansando
Magnemite ha usado IMPACTRUENO
Has perdido y el rival te ha cogido la cartera y robado 722 pokedollares