El pokemon Pikachu ha sido capturado
Tus SUPERBALL restantes son: 1El pokemon PONYTA ha sido capturado
Tus SUPERBALL restantes son: 0El pokemon Charmander ha sido capturado
Tus MASTERBALL restantes son: 0

 Se ha iniciado un nuevo combate
Carrero Blanco ha usado VUELO
El movimiento ha falladoEs super eficaz
Carrero Blanco se ha debilitado
Pikachu ha usado IMPACTRUENO
Evee se ha debilitado
Pikachu ha usado IMPACTRUENO
Evee ha usado PLACAJE


 Se ha iniciado un nuevo combate
PONYTA ha usado ASCUAS
El movimiento ha falladoPikachu ha usado IMPACTRUENO
PONYTA ha usado ASCUAS
Pikachu ha usado IMPACTRUENO
PONYTA ha usado ASCUAS
PONYTA se ha debilitado
Pikachu ha usado IMPACTRUENO
Es poco eficaz
PONYTA se ha debilitado
PONYTA ha usado ASCUAS
PONYTA ha usado ASCUAS
Es poco eficaz


 Se ha iniciado un nuevo combate
Es super eficaz
PONYTA ha usado ASCUAS
CATERPIE ha usado PLACAJE
El movimiento ha falladoEs super eficaz
CATERPIE se ha debilitado
PONYTA ha usado ASCUAS
Pikachu ha usado IMPACTRUENO
Pikachu ha usado IMPACTRUENO
Charmander ha usado ASCUAS
Has perdido y el rival te ha cogido la cartera y robado 729 pokedollares