Ivysaur ha usado PLACAJE
METAPOD ha usado PLACAJE
Ivysaur ha usado PLACAJE
METAPOD ha usado PLACAJE
Ivysaur ha usado PLACAJE
METAPOD ha usado PLACAJE
METAPOD se ha debilitadoIvysaur ha usado PLACAJE
METAPOD ha usado PLACAJE
Ivysaur ha usado PLACAJE
METAPOD ha usado PLACAJE
Ivysaur ha usado PLACAJE
METAPOD ha usado PLACAJE
Charmander ha usado ASCUAS
METAPOD ha usado PLACAJE
Es super eficaz
METAPOD se ha debilitadoCharmander ha usado ASCUAS
METAPOD ha usado PLACAJE
Es super eficaz
METAPOD se ha debilitadoCharmander ha usado ASCUAS
Ivysaur ha usado PLACAJE
Ivysaur ha usado PLACAJE
Es super eficaz
Charmander ha usado ASCUAS
Ivysaur ha usado PLACAJE
Pikachu ha usado IMPACTRUENO
Ivysaur ha usado PLACAJE
Es poco eficaz
Ivysaur se ha debilitadoPikachu ha usado IMPACTRUENO
Pikachu ha usado IMPACTRUENO
Bulbasaur ha usado PLACAJE
Es poco eficaz
Pikachu ha usado IMPACTRUENO
Bulbasaur ha usado PLACAJE
Bulbasaur ha usado PLACAJE
Squirtle ha usado PLACAJE
Bulbasaur ha usado PLACAJE
Bulbasaur se ha debilitadoSquirtle ha usado PLACAJE
Bulbasaur ha usado PLACAJE
Bulbasaur se ha debilitadoSquirtle ha usado PLACAJE
Bulbasaur ha usado PLACAJE
Bulbasaur se ha debilitadoSquirtle ha usado PLACAJE
Bulbasaur ha usado PLACAJE
Bulbasaur se ha debilitadoSquirtle ha usado PLACAJE
Te has retirado y has perdido 355