Carrero Blanco ha usado VUELO
METAPOD ha usado PLACAJE
Es super eficaz
METAPOD se ha debilitado
Carrero Blanco ha usado VUELO
Bulbasaur ha usado PLACAJE
Bulbasaur se ha debilitado
Carrero Blanco ha usado VUELO
METAPOD ha usado PLACAJE
Carrero Blanco ha usado VUELO
METAPOD ha usado PLACAJE
Es poco eficaz
Es super eficaz
METAPOD se ha debilitado
Carrero Blanco ha usado VUELO
Ivysaur ha usado PLACAJE
Ivysaur se ha debilitado
Carrero Blanco ha usado VUELO
METAPOD ha usado PLACAJE
Carrero Blanco ha usado VUELO
METAPOD ha usado PLACAJE
Es poco eficaz
Es super eficaz
METAPOD se ha debilitado
Pepe ha ganado el combate, y ha ganado 2987