Carrero Blanco ha usado VUELO
Bulbasaur ha usado PLACAJE
Bulbasaur se ha debilitado
Carrero Blanco ha usado VUELO
PIDGEY ha usado VUELO
PIDGEY se ha debilitado
Carrero Blanco ha usado VUELO
Carrero Blanco ha usado VUELO
Carrero Blanco ha usado VUELO
Es poco eficaz
Carrero Blanco ha usado VUELO
Carrero Blanco ha usado VUELO
Es poco eficaz
Es poco eficaz
Carrero Blanco ha usado VUELO
Carrero Blanco ha usado VUELO
PIDGEY ha usado VUELO
Carrero Blanco ha usado VUELO
Es poco eficaz
Carrero Blanco se ha debilitado
PIDGEY ha usado VUELO
Bulbasaur ha usado PLACAJE
Squirtle ha usado PLACAJE
Bulbasaur ha usado PLACAJE
Squirtle ha usado PLACAJE
Bulbasaur ha usado PLACAJE
Squirtle ha usado PLACAJE
Bulbasaur ha usado PLACAJE
Bulbasaur se ha debilitado
Squirtle ha usado PLACAJE
Charmander ha usado ASCUAS
Charmander ha usado ASCUAS
Es poco eficaz
Charmander ha usado ASCUAS
Charmander ha usado ASCUAS
Es poco eficaz
Es poco eficaz
Charmander ha usado ASCUAS
Charmander ha usado ASCUAS
Es poco eficaz
Es poco eficaz
Charmander se ha debilitado
Pepe ha ganado el combate, y ha ganado 1877